/home/sikandar/mlops_deployment/.mldenv/lib/python3.12/site-packages/mlflow/store/artifact/utils/models.py:31: FutureWarning: ``mlflow.tracking.client.MlflowClient.get_latest_versions`` is deprecated since 2.9.0. Model registry stages will be removed in a future major release. To learn more about the deprecation of model registry stages, see our migration guide here: https://mlflow.org/docs/latest/model-registry.html#migrating-from-stages
  latest = client.get_latest_versions(name, None if stage is None else [stage])
Traceback (most recent call last):
  File "/home/sikandar/mlops_deployment/.mldenv/bin/mlflow", line 8, in <module>
    sys.exit(cli())
             ^^^^^
  File "/home/sikandar/mlops_deployment/.mldenv/lib/python3.12/site-packages/click/core.py", line 1161, in __call__
    return self.main(*args, **kwargs)
           ^^^^^^^^^^^^^^^^^^^^^^^^^^
  File "/home/sikandar/mlops_deployment/.mldenv/lib/python3.12/site-packages/click/core.py", line 1082, in main
    rv = self.invoke(ctx)
         ^^^^^^^^^^^^^^^^
  File "/home/sikandar/mlops_deployment/.mldenv/lib/python3.12/site-packages/click/core.py", line 1697, in invoke
    return _process_result(sub_ctx.command.invoke(sub_ctx))
                           ^^^^^^^^^^^^^^^^^^^^^^^^^^^^^^^
  File "/home/sikandar/mlops_deployment/.mldenv/lib/python3.12/site-packages/click/core.py", line 1697, in invoke
    return _process_result(sub_ctx.command.invoke(sub_ctx))
                           ^^^^^^^^^^^^^^^^^^^^^^^^^^^^^^^
  File "/home/sikandar/mlops_deployment/.mldenv/lib/python3.12/site-packages/click/core.py", line 1443, in invoke
    return ctx.invoke(self.callback, **ctx.params)
           ^^^^^^^^^^^^^^^^^^^^^^^^^^^^^^^^^^^^^^^
  File "/home/sikandar/mlops_deployment/.mldenv/lib/python3.12/site-packages/click/core.py", line 788, in invoke
    return __callback(*args, **kwargs)
           ^^^^^^^^^^^^^^^^^^^^^^^^^^^
  File "/home/sikandar/mlops_deployment/.mldenv/lib/python3.12/site-packages/mlflow/models/cli.py", line 102, in serve
    return get_flavor_backend(
           ^^^^^^^^^^^^^^^^^^^
  File "/home/sikandar/mlops_deployment/.mldenv/lib/python3.12/site-packages/mlflow/models/flavor_backend_registry.py", line 44, in get_flavor_backend
    artifact_repo = get_artifact_repository(root_uri)
                    ^^^^^^^^^^^^^^^^^^^^^^^^^^^^^^^^^
  File "/home/sikandar/mlops_deployment/.mldenv/lib/python3.12/site-packages/mlflow/store/artifact/artifact_repository_registry.py", line 131, in get_artifact_repository
    return _artifact_repository_registry.get_artifact_repository(artifact_uri)
           ^^^^^^^^^^^^^^^^^^^^^^^^^^^^^^^^^^^^^^^^^^^^^^^^^^^^^^^^^^^^^^^^^^^
  File "/home/sikandar/mlops_deployment/.mldenv/lib/python3.12/site-packages/mlflow/store/artifact/artifact_repository_registry.py", line 76, in get_artifact_repository
    return repository(artifact_uri)
           ^^^^^^^^^^^^^^^^^^^^^^^^
  File "/home/sikandar/mlops_deployment/.mldenv/lib/python3.12/site-packages/mlflow/store/artifact/models_artifact_repo.py", line 69, in __init__
    ) = ModelsArtifactRepository._get_model_uri_infos(artifact_uri)
        ^^^^^^^^^^^^^^^^^^^^^^^^^^^^^^^^^^^^^^^^^^^^^^^^^^^^^^^^^^^
  File "/home/sikandar/mlops_deployment/.mldenv/lib/python3.12/site-packages/mlflow/store/artifact/models_artifact_repo.py", line 107, in _get_model_uri_infos
    name, version = get_model_name_and_version(client, uri)
                    ^^^^^^^^^^^^^^^^^^^^^^^^^^^^^^^^^^^^^^^
  File "/home/sikandar/mlops_deployment/.mldenv/lib/python3.12/site-packages/mlflow/store/artifact/utils/models.py", line 93, in get_model_name_and_version
    return model_name, str(_get_latest_model_version(client, model_name, model_stage))
                           ^^^^^^^^^^^^^^^^^^^^^^^^^^^^^^^^^^^^^^^^^^^^^^^^^^^^^^^^^^
  File "/home/sikandar/mlops_deployment/.mldenv/lib/python3.12/site-packages/mlflow/store/artifact/utils/models.py", line 31, in _get_latest_model_version
    latest = client.get_latest_versions(name, None if stage is None else [stage])
             ^^^^^^^^^^^^^^^^^^^^^^^^^^^^^^^^^^^^^^^^^^^^^^^^^^^^^^^^^^^^^^^^^^^^
  File "/home/sikandar/mlops_deployment/.mldenv/lib/python3.12/site-packages/mlflow/utils/annotations.py", line 164, in deprecated_func
    return obj(*args, **kwargs)
           ^^^^^^^^^^^^^^^^^^^^
  File "/home/sikandar/mlops_deployment/.mldenv/lib/python3.12/site-packages/mlflow/tracking/client.py", line 3493, in get_latest_versions
    return self._get_registry_client().get_latest_versions(name, stages)
           ^^^^^^^^^^^^^^^^^^^^^^^^^^^^^^^^^^^^^^^^^^^^^^^^^^^^^^^^^^^^^
  File "/home/sikandar/mlops_deployment/.mldenv/lib/python3.12/site-packages/mlflow/tracking/_model_registry/client.py", line 153, in get_latest_versions
    return self.store.get_latest_versions(name, stages)
           ^^^^^^^^^^^^^^^^^^^^^^^^^^^^^^^^^^^^^^^^^^^^
  File "/home/sikandar/mlops_deployment/.mldenv/lib/python3.12/site-packages/mlflow/store/model_registry/file_store.py", line 424, in get_latest_versions
    raise MlflowException(
mlflow.exceptions.MlflowException: Registered Model with name=iris_model not found
